<?xml version="1.0" encoding="UTF-8"?>
<!-- Generated by org.testng.reporters.JUnitXMLReporter -->
<testsuite hostname="Chohees-MBP" ignored="0" name="Batch Running Test" tests="4" failures="1" timestamp="2023-04-09T20:04:30 EDT" time="59.781" errors="0">
  <testcase name="rediffLogin" time="22.843" classname="automationcode_8thApr_2023.RediffLoginTest"/>
  <testcase name="TNLogin" time="11.17" classname="automationcode_8thApr_2023.TNLoginTest"/>
  <testcase name="TNRegister" time="14.994" classname="automationcode_8thApr_2023.TNRegisterTest"/>
  <testcase name="rediffCreateAccount" time="10.218" classname="automationcode_8thApr_2023.RediffCreatAccountTest">
    <failure type="java.lang.AssertionError">
      <![CDATA[java.lang.AssertionError: 
at automationcode_8thApr_2023.RediffCreatAccountTest.rediffCreateAccount(RediffCreatAccountTest.java:29)
at java.util.ArrayList.forEach(ArrayList.java:1259)
... Removed 30 stack frames]]>
    </failure>
  </testcase> <!-- rediffCreateAccount -->
</testsuite> <!-- Batch Running Test -->
